Using the minimal snap distance of 0.0004 mm
(4 layout resolution points) for layout healing.

--- WARNING -------------------------------------------------------------------

The port setup needed to be corrected:
TML calibration for port "P9" has been changed
to TML (zero length) calibration because the
transmission line of pin "P9" would otherwise
intersect with the layout.

-------------------------------------------------------------------------------


--- WARNING -------------------------------------------------------------------

The port setup needed to be corrected:
TML calibration for port "P10" has been changed
to TML (zero length) calibration because the
transmission line of pin "P10" would otherwise
intersect with the layout.

-------------------------------------------------------------------------------


--- WARNING -------------------------------------------------------------------

The port setup needed to be corrected:
TML calibration for port "P11" has been changed
to TML (zero length) calibration because the
transmission line of pin "P11" would otherwise
intersect with the layout.

-------------------------------------------------------------------------------


--- WARNING -------------------------------------------------------------------

The port setup needed to be corrected:
TML calibration for port "P5" has been changed
to TML (zero length) calibration because the
transmission line of pin "P5" would otherwise
intersect with the layout.

-------------------------------------------------------------------------------


--- WARNING -------------------------------------------------------------------

The port setup needed to be corrected:
TML calibration for port "P2" has been changed
to TML (zero length) calibration because the
transmission line of pin "P2" would otherwise
intersect with the layout.

-------------------------------------------------------------------------------


--- WARNING -------------------------------------------------------------------

The port setup needed to be corrected:
TML calibration for port "P3" has been changed
to TML (zero length) calibration because the
transmission line of pin "P3" would otherwise
intersect with the layout.

-------------------------------------------------------------------------------


--- WARNING -------------------------------------------------------------------

The port setup needed to be corrected:
TML calibration for port "P6" has been changed
to TML (zero length) calibration because the
transmission line of pin "P6" would otherwise
intersect with the layout.

-------------------------------------------------------------------------------


--- WARNING -------------------------------------------------------------------

The port setup needed to be corrected:
TML calibration for port "P7" has been changed
to TML (zero length) calibration because the
transmission line of pin "P7" would otherwise
intersect with the layout.

-------------------------------------------------------------------------------


--- WARNING -------------------------------------------------------------------

The port setup needed to be corrected:
TML calibration for port "P4" has been changed
to TML (zero length) calibration because the
transmission line of pin "P4" would otherwise
intersect with the layout.

-------------------------------------------------------------------------------


--- WARNING -------------------------------------------------------------------

The port setup needed to be corrected:
TML calibration for port "P8" has been changed
to TML (zero length) calibration because the
transmission line of pin "P8" would otherwise
intersect with the layout.

-------------------------------------------------------------------------------

Generating mesh at 1.4 GHz...
